::1 - - [25/May/2020:19:40:48 +0000] "GET /index.html HTTP/1.1" 404 - "http://localhost:3000/" "Mozilla/5.0 (Windows NT 10.0; Win64; x64) AppleWebKit/537.36 (KHTML, like Gecko) Chrome/81.0.4044.138 Safari/537.36"
::1 - - [26/May/2020:14:48:55 +0000] "GET /favicon.ico HTTP/1.1" 404 - "http://localhost:3000/log-in" "Mozilla/5.0 (Windows NT 10.0; Win64; x64) AppleWebKit/537.36 (KHTML, like Gecko) Chrome/81.0.4044.138 Safari/537.36"
::1 - - [26/May/2020:14:49:48 +0000] "GET /donor/schedules/userAppointment.html HTTP/1.1" 404 - "http://localhost:3000/donor/schedules/city" "Mozilla/5.0 (Windows NT 10.0; Win64; x64) AppleWebKit/537.36 (KHTML, like Gecko) Chrome/81.0.4044.138 Safari/537.36"
::1 - - [26/May/2020:15:13:45 +0000] "GET /donor/schedules/userAppointment.html HTTP/1.1" 404 - "http://localhost:3000/donor/schedules/city" "Mozilla/5.0 (Windows NT 10.0; Win64; x64) AppleWebKit/537.36 (KHTML, like Gecko) Chrome/81.0.4044.138 Safari/537.36"
::1 - - [26/May/2020:15:24:31 +0000] "GET /donor/schedules/userAppointment.html HTTP/1.1" 404 - "http://localhost:3000/donor/schedules/city" "Mozilla/5.0 (Windows NT 10.0; Win64; x64) AppleWebKit/537.36 (KHTML, like Gecko) Chrome/81.0.4044.138 Safari/537.36"
::1 - - [26/May/2020:15:31:23 +0000] "GET /donor/schedules/userAppointment.html HTTP/1.1" 404 - "http://localhost:3000/donor/schedules/city" "Mozilla/5.0 (Windows NT 10.0; Win64; x64) AppleWebKit/537.36 (KHTML, like Gecko) Chrome/81.0.4044.138 Safari/537.36"
::1 - - [26/May/2020:15:32:45 +0000] "GET /donor/schedules/userAppointment.html HTTP/1.1" 404 - "http://localhost:3000/donor/schedules/city?city=Damitta" "Mozilla/5.0 (Windows NT 10.0; Win64; x64) AppleWebKit/537.36 (KHTML, like Gecko) Chrome/81.0.4044.138 Safari/537.36"
::1 - - [26/May/2020:15:33:08 +0000] "GET /socket.io/socket.io.js HTTP/1.1" 404 - "http://localhost:3000/users" "Mozilla/5.0 (Windows NT 10.0; Win64; x64) AppleWebKit/537.36 (KHTML, like Gecko) Chrome/81.0.4044.138 Safari/537.36"
- - - [26/May/2020:17:24:58 +0000] "GET /favicon.ico HTTP/1.1" 404 - "-" "Mozilla/5.0 (Windows NT 10.0; Win64; x64; rv:76.0) Gecko/20100101 Firefox/76.0"
- - - [26/May/2020:17:55:48 +0000] "GET /favicon.ico HTTP/1.1" 404 - "-" "Mozilla/5.0 (Windows NT 10.0; Win64; x64; rv:76.0) Gecko/20100101 Firefox/76.0"
- - - [26/May/2020:19:42:57 +0000] "GET /favicon.ico HTTP/1.1" 404 - "-" "Mozilla/5.0 (Windows NT 10.0; Win64; x64; rv:76.0) Gecko/20100101 Firefox/76.0"
- - - [26/May/2020:20:39:28 +0000] "GET /favicon.ico HTTP/1.1" 404 - "-" "Mozilla/5.0 (Windows NT 10.0; Win64; x64; rv:76.0) Gecko/20100101 Firefox/76.0"
::1 - - [26/May/2020:20:55:04 +0000] "GET /donor/schedules/userAppointment.html HTTP/1.1" 404 - "http://localhost:3000/donor/schedules/city" "Mozilla/5.0 (Windows NT 10.0; Win64; x64; rv:76.0) Gecko/20100101 Firefox/76.0"
::1 - - [26/May/2020:20:55:05 +0000] "GET /favicon.ico HTTP/1.1" 404 - "-" "Mozilla/5.0 (Windows NT 10.0; Win64; x64; rv:76.0) Gecko/20100101 Firefox/76.0"
::1 - - [26/May/2020:21:19:25 +0000] "GET /donor/schedules/userAppointment.html HTTP/1.1" 404 - "http://localhost:3000/donor/schedules/city" "Mozilla/5.0 (Windows NT 10.0; Win64; x64; rv:76.0) Gecko/20100101 Firefox/76.0"
::1 - - [26/May/2020:21:20:34 +0000] "GET /socket.io/socket.io.js HTTP/1.1" 404 - "http://localhost:3000/users" "Mozilla/5.0 (Windows NT 10.0; Win64; x64; rv:76.0) Gecko/20100101 Firefox/76.0"
::1 - - [26/May/2020:21:59:04 +0000] "GET /favicon.ico HTTP/1.1" 404 - "http://localhost:3000/log-in" "Mozilla/5.0 (Windows NT 10.0; Win64; x64) AppleWebKit/537.36 (KHTML, like Gecko) Chrome/81.0.4044.138 Safari/537.36"
- - - [26/May/2020:22:04:42 +0000] "GET /favicon.ico HTTP/1.1" 404 - "-" "Mozilla/5.0 (Windows NT 10.0; Win64; x64; rv:76.0) Gecko/20100101 Firefox/76.0"
::1 - - [26/May/2020:22:04:43 +0000] "GET /socket.io/socket.io.js HTTP/1.1" 404 - "http://localhost:3000/users" "Mozilla/5.0 (Windows NT 10.0; Win64; x64; rv:76.0) Gecko/20100101 Firefox/76.0"
::1 - - [26/May/2020:22:06:09 +0000] "GET /donor/schedules/userAppointment.html HTTP/1.1" 404 - "http://localhost:3000/donor/schedules/city" "Mozilla/5.0 (Windows NT 10.0; Win64; x64) AppleWebKit/537.36 (KHTML, like Gecko) Chrome/81.0.4044.138 Safari/537.36"
::1 - - [26/May/2020:22:06:26 +0000] "GET /donor/schedules/userAppointment.html HTTP/1.1" 404 - "http://localhost:3000/donor/schedules/city" "Mozilla/5.0 (Windows NT 10.0; Win64; x64) AppleWebKit/537.36 (KHTML, like Gecko) Chrome/81.0.4044.138 Safari/537.36"
::1 - - [26/May/2020:23:09:59 +0000] "GET /donor/schedules/userAppointment.html HTTP/1.1" 404 - "http://localhost:3000/donor/schedules/city" "Mozilla/5.0 (Windows NT 10.0; Win64; x64) AppleWebKit/537.36 (KHTML, like Gecko) Chrome/81.0.4044.138 Safari/537.36"
::1 - - [26/May/2020:23:11:30 +0000] "GET /donor/appointment/userAppointment.html HTTP/1.1" 404 - "http://localhost:3000/donor/appointment/list" "Mozilla/5.0 (Windows NT 10.0; Win64; x64) AppleWebKit/537.36 (KHTML, like Gecko) Chrome/81.0.4044.138 Safari/537.36"
::1 - - [26/May/2020:23:13:53 +0000] "GET /socket.io/socket.io.js HTTP/1.1" 404 - "http://localhost:3000/users" "Mozilla/5.0 (Windows NT 10.0; Win64; x64) AppleWebKit/537.36 (KHTML, like Gecko) Chrome/81.0.4044.138 Safari/537.36"
::1 - - [26/May/2020:23:14:39 +0000] "GET /socket.io/socket.io.js HTTP/1.1" 404 - "http://localhost:3000/users" "Mozilla/5.0 (Windows NT 10.0; Win64; x64) AppleWebKit/537.36 (KHTML, like Gecko) Chrome/81.0.4044.138 Safari/537.36"
::1 - - [26/May/2020:23:16:53 +0000] "GET /socket.io/socket.io.js HTTP/1.1" 404 - "http://localhost:3000/users" "Mozilla/5.0 (Windows NT 10.0; Win64; x64) AppleWebKit/537.36 (KHTML, like Gecko) Chrome/81.0.4044.138 Safari/537.36"
::1 - - [26/May/2020:23:27:26 +0000] "GET /donor/appointment/userAppointment.html HTTP/1.1" 404 - "http://localhost:3000/donor/appointment/list" "Mozilla/5.0 (Windows NT 10.0; Win64; x64) AppleWebKit/537.36 (KHTML, like Gecko) Chrome/81.0.4044.138 Safari/537.36"
::1 - - [26/May/2020:23:28:46 +0000] "GET /socket.io/socket.io.js HTTP/1.1" 404 - "http://localhost:3000/users" "Mozilla/5.0 (Windows NT 10.0; Win64; x64) AppleWebKit/537.36 (KHTML, like Gecko) Chrome/81.0.4044.138 Safari/537.36"
::1 - - [26/May/2020:23:28:56 +0000] "GET /socket.io/socket.io.js HTTP/1.1" 404 - "http://localhost:3000/users" "Mozilla/5.0 (Windows NT 10.0; Win64; x64) AppleWebKit/537.36 (KHTML, like Gecko) Chrome/81.0.4044.138 Safari/537.36"
::1 - - [26/May/2020:23:28:58 +0000] "GET /socket.io/socket.io.js HTTP/1.1" 404 - "http://localhost:3000/users" "Mozilla/5.0 (Windows NT 10.0; Win64; x64) AppleWebKit/537.36 (KHTML, like Gecko) Chrome/81.0.4044.138 Safari/537.36"
::1 - - [26/May/2020:23:29:30 +0000] "GET /socket.io/socket.io.js HTTP/1.1" 404 - "http://localhost:3000/users" "Mozilla/5.0 (Windows NT 10.0; Win64; x64) AppleWebKit/537.36 (KHTML, like Gecko) Chrome/81.0.4044.138 Safari/537.36"
::1 - - [26/May/2020:23:30:20 +0000] "GET /socket.io/socket.io.js HTTP/1.1" 404 - "http://localhost:3000/users" "Mozilla/5.0 (Windows NT 10.0; Win64; x64) AppleWebKit/537.36 (KHTML, like Gecko) Chrome/81.0.4044.138 Safari/537.36"
::1 - - [26/May/2020:23:31:30 +0000] "GET /socket.io/socket.io.js HTTP/1.1" 404 - "http://localhost:3000/users" "Mozilla/5.0 (Windows NT 10.0; Win64; x64) AppleWebKit/537.36 (KHTML, like Gecko) Chrome/81.0.4044.138 Safari/537.36"
::1 - - [26/May/2020:23:32:39 +0000] "GET /donor/schedules/userAppointment.html HTTP/1.1" 404 - "http://localhost:3000/donor/schedules/city" "Mozilla/5.0 (Windows NT 10.0; Win64; x64) AppleWebKit/537.36 (KHTML, like Gecko) Chrome/81.0.4044.138 Safari/537.36"
::1 - - [26/May/2020:23:33:11 +0000] "GET /socket.io/socket.io.js HTTP/1.1" 404 - "http://localhost:3000/users" "Mozilla/5.0 (Windows NT 10.0; Win64; x64) AppleWebKit/537.36 (KHTML, like Gecko) Chrome/81.0.4044.138 Safari/537.36"
::1 - - [26/May/2020:23:33:29 +0000] "GET /socket.io/socket.io.js HTTP/1.1" 404 - "http://localhost:3000/users" "Mozilla/5.0 (Windows NT 10.0; Win64; x64) AppleWebKit/537.36 (KHTML, like Gecko) Chrome/81.0.4044.138 Safari/537.36"
::1 - - [26/May/2020:23:35:08 +0000] "GET /socket.io/socket.io.js HTTP/1.1" 404 - "http://localhost:3000/users" "Mozilla/5.0 (Windows NT 10.0; Win64; x64) AppleWebKit/537.36 (KHTML, like Gecko) Chrome/81.0.4044.138 Safari/537.36"
::1 - - [29/May/2020:22:44:49 +0000] "GET /robots.txt HTTP/1.1" 404 - "-" "Mozilla/5.0 (Windows NT 6.1; ) AppleWebKit/537.36 (KHTML, like Gecko) Chrome/83.0.4103.61 Safari/537.36"
::1 - - [29/May/2020:22:45:14 +0000] "GET /favicon.ico HTTP/1.1" 404 - "http://localhost:3000/log-in" "Mozilla/5.0 (Windows NT 6.1; ) AppleWebKit/537.36 (KHTML, like Gecko) Chrome/83.0.4103.61 Safari/537.36"
::1 - - [29/May/2020:22:46:05 +0000] "GET /socket.io/socket.io.js HTTP/1.1" 404 - "http://localhost:3000/users" "Mozilla/5.0 (Windows NT 6.1; ) AppleWebKit/537.36 (KHTML, like Gecko) Chrome/83.0.4103.61 Safari/537.36"
::1 - - [30/May/2020:00:09:29 +0000] "GET /socket.io/socket.io.js HTTP/1.1" 404 - "http://localhost:3000/users" "Mozilla/5.0 (Windows NT 6.1; ) AppleWebKit/537.36 (KHTML, like Gecko) HeadlessChrome/83.0.4103.61 Safari/537.36"
::1 - - [30/May/2020:12:54:38 +0000] "GET /favicon.ico HTTP/1.1" 404 - "http://localhost:3000/log-in" "Mozilla/5.0 (Windows NT 6.1; ) AppleWebKit/537.36 (KHTML, like Gecko) Chrome/83.0.4103.61 Safari/537.36"
::1 - - [30/May/2020:15:05:23 +0000] "GET /socket.io/socket.io.js HTTP/1.1" 404 - "http://localhost:3000/users" "Mozilla/5.0 (Windows NT 6.1; ) AppleWebKit/537.36 (KHTML, like Gecko) Chrome/83.0.4103.61 Safari/537.36"
::1 - - [30/May/2020:15:05:25 +0000] "GET /socket.io/socket.io.js HTTP/1.1" 404 - "http://localhost:3000/users" "Mozilla/5.0 (Windows NT 6.1; ) AppleWebKit/537.36 (KHTML, like Gecko) Chrome/83.0.4103.61 Safari/537.36"
::1 - - [30/May/2020:15:11:17 +0000] "GET /socket.io/socket.io.js HTTP/1.1" 404 - "http://localhost:3000/users" "Mozilla/5.0 (Windows NT 6.1; ) AppleWebKit/537.36 (KHTML, like Gecko) Chrome/83.0.4103.61 Safari/537.36"
::1 - - [30/May/2020:15:11:19 +0000] "GET /socket.io/socket.io.js HTTP/1.1" 404 - "http://localhost:3000/users" "Mozilla/5.0 (Windows NT 6.1; ) AppleWebKit/537.36 (KHTML, like Gecko) Chrome/83.0.4103.61 Safari/537.36"
::1 - - [30/May/2020:15:11:41 +0000] "GET /socket.io/socket.io.js HTTP/1.1" 404 - "http://localhost:3000/users" "Mozilla/5.0 (Windows NT 6.1; ) AppleWebKit/537.36 (KHTML, like Gecko) Chrome/83.0.4103.61 Safari/537.36"
::1 - - [30/May/2020:15:11:44 +0000] "GET /socket.io/socket.io.js HTTP/1.1" 404 - "http://localhost:3000/users" "Mozilla/5.0 (Windows NT 6.1; ) AppleWebKit/537.36 (KHTML, like Gecko) Chrome/83.0.4103.61 Safari/537.36"
::1 - - [30/May/2020:15:46:43 +0000] "GET /socket.io/socket.io.js HTTP/1.1" 404 - "http://localhost:3000/users" "Mozilla/5.0 (Windows NT 6.1; ) AppleWebKit/537.36 (KHTML, like Gecko) Chrome/83.0.4103.61 Safari/537.36"
::1 - - [30/May/2020:15:46:46 +0000] "GET /socket.io/socket.io.js HTTP/1.1" 404 - "http://localhost:3000/users" "Mozilla/5.0 (Windows NT 6.1; ) AppleWebKit/537.36 (KHTML, like Gecko) Chrome/83.0.4103.61 Safari/537.36"
::1 - - [30/May/2020:15:47:55 +0000] "GET /socket.io/socket.io.js HTTP/1.1" 404 - "http://localhost:3000/users" "Mozilla/5.0 (Windows NT 6.1; ) AppleWebKit/537.36 (KHTML, like Gecko) Chrome/83.0.4103.61 Safari/537.36"
::1 - - [30/May/2020:15:48:45 +0000] "GET /socket.io/socket.io.js HTTP/1.1" 404 - "http://localhost:3000/users" "Mozilla/5.0 (Windows NT 6.1; ) AppleWebKit/537.36 (KHTML, like Gecko) Chrome/83.0.4103.61 Safari/537.36"
::1 - - [30/May/2020:15:49:20 +0000] "GET /socket.io/socket.io.js HTTP/1.1" 404 - "http://localhost:3000/users" "Mozilla/5.0 (Windows NT 6.1; ) AppleWebKit/537.36 (KHTML, like Gecko) Chrome/83.0.4103.61 Safari/537.36"
::1 - - [30/May/2020:15:50:07 +0000] "GET /socket.io/socket.io.js HTTP/1.1" 404 - "http://localhost:3000/users" "Mozilla/5.0 (Windows NT 6.1; ) AppleWebKit/537.36 (KHTML, like Gecko) Chrome/83.0.4103.61 Safari/537.36"
::1 - - [30/May/2020:15:50:48 +0000] "GET /socket.io/socket.io.js HTTP/1.1" 404 - "http://localhost:3000/users" "Mozilla/5.0 (Windows NT 6.1; ) AppleWebKit/537.36 (KHTML, like Gecko) Chrome/83.0.4103.61 Safari/537.36"
::1 - - [30/May/2020:15:51:56 +0000] "GET /socket.io/socket.io.js HTTP/1.1" 404 - "http://localhost:3000/users" "Mozilla/5.0 (Windows NT 6.1; ) AppleWebKit/537.36 (KHTML, like Gecko) Chrome/83.0.4103.61 Safari/537.36"
::1 - - [30/May/2020:15:52:36 +0000] "GET /socket.io/socket.io.js HTTP/1.1" 404 - "http://localhost:3000/users" "Mozilla/5.0 (Windows NT 6.1; ) AppleWebKit/537.36 (KHTML, like Gecko) Chrome/83.0.4103.61 Safari/537.36"
::1 - - [30/May/2020:15:52:59 +0000] "GET /socket.io/socket.io.js HTTP/1.1" 404 - "http://localhost:3000/users" "Mozilla/5.0 (Windows NT 6.1; ) AppleWebKit/537.36 (KHTML, like Gecko) Chrome/83.0.4103.61 Safari/537.36"
::1 - - [30/May/2020:15:53:33 +0000] "GET /socket.io/socket.io.js HTTP/1.1" 404 - "http://localhost:3000/users" "Mozilla/5.0 (Windows NT 6.1; ) AppleWebKit/537.36 (KHTML, like Gecko) Chrome/83.0.4103.61 Safari/537.36"
::1 - - [30/May/2020:16:01:23 +0000] "GET /socket.io/socket.io.js HTTP/1.1" 404 - "http://localhost:3000/users" "Mozilla/5.0 (Windows NT 6.1; ) AppleWebKit/537.36 (KHTML, like Gecko) Chrome/83.0.4103.61 Safari/537.36"
::1 - - [30/May/2020:16:02:33 +0000] "GET /socket.io/socket.io.js HTTP/1.1" 404 - "http://localhost:3000/users" "Mozilla/5.0 (Windows NT 6.1; ) AppleWebKit/537.36 (KHTML, like Gecko) Chrome/83.0.4103.61 Safari/537.36"
::1 - - [30/May/2020:16:03:00 +0000] "GET /socket.io/socket.io.js HTTP/1.1" 404 - "http://localhost:3000/users" "Mozilla/5.0 (Windows NT 6.1; ) AppleWebKit/537.36 (KHTML, like Gecko) Chrome/83.0.4103.61 Safari/537.36"
::1 - - [30/May/2020:16:03:37 +0000] "GET /socket.io/socket.io.js HTTP/1.1" 404 - "http://localhost:3000/users" "Mozilla/5.0 (Windows NT 6.1; ) AppleWebKit/537.36 (KHTML, like Gecko) Chrome/83.0.4103.61 Safari/537.36"
::1 - - [30/May/2020:16:04:44 +0000] "GET /socket.io/socket.io.js HTTP/1.1" 404 - "http://localhost:3000/users" "Mozilla/5.0 (Windows NT 6.1; ) AppleWebKit/537.36 (KHTML, like Gecko) Chrome/83.0.4103.61 Safari/537.36"
::1 - - [30/May/2020:16:06:36 +0000] "GET /socket.io/socket.io.js HTTP/1.1" 404 - "http://localhost:3000/users" "Mozilla/5.0 (Windows NT 6.1; ) AppleWebKit/537.36 (KHTML, like Gecko) Chrome/83.0.4103.61 Safari/537.36"
::1 - - [30/May/2020:16:07:14 +0000] "GET /socket.io/socket.io.js HTTP/1.1" 404 - "http://localhost:3000/users" "Mozilla/5.0 (Windows NT 6.1; ) AppleWebKit/537.36 (KHTML, like Gecko) Chrome/83.0.4103.61 Safari/537.36"
::1 - - [30/May/2020:16:07:44 +0000] "GET /socket.io/socket.io.js HTTP/1.1" 404 - "http://localhost:3000/users" "Mozilla/5.0 (Windows NT 6.1; ) AppleWebKit/537.36 (KHTML, like Gecko) Chrome/83.0.4103.61 Safari/537.36"
::1 - - [30/May/2020:16:08:58 +0000] "GET /socket.io/socket.io.js HTTP/1.1" 404 - "http://localhost:3000/users" "Mozilla/5.0 (Windows NT 6.1; ) AppleWebKit/537.36 (KHTML, like Gecko) Chrome/83.0.4103.61 Safari/537.36"
::1 - - [30/May/2020:16:09:48 +0000] "GET /socket.io/socket.io.js HTTP/1.1" 404 - "http://localhost:3000/users" "Mozilla/5.0 (Windows NT 6.1; ) AppleWebKit/537.36 (KHTML, like Gecko) Chrome/83.0.4103.61 Safari/537.36"
::1 - - [30/May/2020:16:10:31 +0000] "GET /socket.io/socket.io.js HTTP/1.1" 404 - "http://localhost:3000/users" "Mozilla/5.0 (Windows NT 6.1; ) AppleWebKit/537.36 (KHTML, like Gecko) Chrome/83.0.4103.61 Safari/537.36"
::1 - - [30/May/2020:16:10:45 +0000] "GET /socket.io/socket.io.js HTTP/1.1" 404 - "http://localhost:3000/users" "Mozilla/5.0 (Windows NT 6.1; ) AppleWebKit/537.36 (KHTML, like Gecko) Chrome/83.0.4103.61 Safari/537.36"
::1 - - [30/May/2020:16:11:45 +0000] "GET /socket.io/socket.io.js HTTP/1.1" 404 - "http://localhost:3000/users" "Mozilla/5.0 (Windows NT 6.1; ) AppleWebKit/537.36 (KHTML, like Gecko) Chrome/83.0.4103.61 Safari/537.36"
::1 - - [30/May/2020:16:12:10 +0000] "GET /socket.io/socket.io.js HTTP/1.1" 404 - "http://localhost:3000/users" "Mozilla/5.0 (Windows NT 6.1; ) AppleWebKit/537.36 (KHTML, like Gecko) Chrome/83.0.4103.61 Safari/537.36"
::1 - - [30/May/2020:16:13:43 +0000] "GET /socket.io/socket.io.js HTTP/1.1" 404 - "http://localhost:3000/users" "Mozilla/5.0 (Windows NT 6.1; ) AppleWebKit/537.36 (KHTML, like Gecko) Chrome/83.0.4103.61 Safari/537.36"
::1 - - [30/May/2020:16:13:55 +0000] "GET /socket.io/socket.io.js HTTP/1.1" 404 - "http://localhost:3000/users" "Mozilla/5.0 (Windows NT 6.1; ) AppleWebKit/537.36 (KHTML, like Gecko) Chrome/83.0.4103.61 Safari/537.36"
::1 - - [30/May/2020:16:14:05 +0000] "GET /socket.io/socket.io.js HTTP/1.1" 404 - "http://localhost:3000/users" "Mozilla/5.0 (Windows NT 6.1; ) AppleWebKit/537.36 (KHTML, like Gecko) Chrome/83.0.4103.61 Safari/537.36"
::1 - - [30/May/2020:16:14:14 +0000] "GET /socket.io/socket.io.js HTTP/1.1" 404 - "http://localhost:3000/users" "Mozilla/5.0 (Windows NT 6.1; ) AppleWebKit/537.36 (KHTML, like Gecko) Chrome/83.0.4103.61 Safari/537.36"
::1 - - [30/May/2020:16:14:27 +0000] "GET /socket.io/socket.io.js HTTP/1.1" 404 - "http://localhost:3000/users" "Mozilla/5.0 (Windows NT 6.1; ) AppleWebKit/537.36 (KHTML, like Gecko) Chrome/83.0.4103.61 Safari/537.36"
::1 - - [30/May/2020:16:14:46 +0000] "GET /socket.io/socket.io.js HTTP/1.1" 404 - "http://localhost:3000/users" "Mozilla/5.0 (Windows NT 6.1; ) AppleWebKit/537.36 (KHTML, like Gecko) Chrome/83.0.4103.61 Safari/537.36"
::1 - - [30/May/2020:16:15:02 +0000] "GET /socket.io/socket.io.js HTTP/1.1" 404 - "http://localhost:3000/users" "Mozilla/5.0 (Windows NT 6.1; ) AppleWebKit/537.36 (KHTML, like Gecko) Chrome/83.0.4103.61 Safari/537.36"
::1 - - [30/May/2020:16:16:12 +0000] "GET /socket.io/socket.io.js HTTP/1.1" 404 - "http://localhost:3000/users" "Mozilla/5.0 (Windows NT 6.1; ) AppleWebKit/537.36 (KHTML, like Gecko) Chrome/83.0.4103.61 Safari/537.36"
::1 - - [30/May/2020:16:16:48 +0000] "GET /socket.io/socket.io.js HTTP/1.1" 404 - "http://localhost:3000/users" "Mozilla/5.0 (Windows NT 6.1; ) AppleWebKit/537.36 (KHTML, like Gecko) Chrome/83.0.4103.61 Safari/537.36"
::1 - - [30/May/2020:17:48:14 +0000] "GET /images/login/coverLogin.png HTTP/1.1" 404 - "http://localhost:3000/log-in" "Mozilla/5.0 (Windows NT 10.0; Win64; x64) AppleWebKit/537.36 (KHTML, like Gecko) Chrome/83.0.4103.61 Safari/537.36"
::1 - - [30/May/2020:17:54:19 +0000] "GET /images/login/coverLogin.png HTTP/1.1" 404 - "http://localhost:3000/log-in" "Mozilla/5.0 (Windows NT 10.0; Win64; x64) AppleWebKit/537.36 (KHTML, like Gecko) Chrome/83.0.4103.61 Safari/537.36"
::1 - - [30/May/2020:17:57:29 +0000] "GET /images/login/coverLogin.png HTTP/1.1" 404 - "http://localhost:3000/log-in" "Mozilla/5.0 (Windows NT 10.0; Win64; x64) AppleWebKit/537.36 (KHTML, like Gecko) Chrome/83.0.4103.61 Safari/537.36"
::1 - - [30/May/2020:17:58:15 +0000] "GET /images/login/coverLogin.png HTTP/1.1" 404 - "http://localhost:3000/log-in" "Mozilla/5.0 (Windows NT 10.0; Win64; x64) AppleWebKit/537.36 (KHTML, like Gecko) Chrome/83.0.4103.61 Safari/537.36"
::1 - - [30/May/2020:18:53:50 +0000] "GET /favicon.ico HTTP/1.1" 404 - "http://localhost:3000/log-in" "Mozilla/5.0 (Windows NT 6.1; ) AppleWebKit/537.36 (KHTML, like Gecko) Chrome/83.0.4103.61 Safari/537.36"
::1 - - [30/May/2020:19:00:53 +0000] "GET /socket.io/socket.io.js HTTP/1.1" 404 - "http://localhost:3000/users" "Mozilla/5.0 (Windows NT 6.1; ) AppleWebKit/537.36 (KHTML, like Gecko) Chrome/83.0.4103.61 Safari/537.36"
::1 - - [30/May/2020:19:01:06 +0000] "GET /socket.io/socket.io.js HTTP/1.1" 404 - "http://localhost:3000/users" "Mozilla/5.0 (Windows NT 6.1; ) AppleWebKit/537.36 (KHTML, like Gecko) Chrome/83.0.4103.61 Safari/537.36"
::1 - - [30/May/2020:19:01:18 +0000] "GET /socket.io/socket.io.js HTTP/1.1" 404 - "http://localhost:3000/users" "Mozilla/5.0 (Windows NT 6.1; ) AppleWebKit/537.36 (KHTML, like Gecko) Chrome/83.0.4103.61 Safari/537.36"
::1 - - [30/May/2020:19:01:24 +0000] "GET /socket.io/socket.io.js HTTP/1.1" 404 - "http://localhost:3000/users" "Mozilla/5.0 (Windows NT 6.1; ) AppleWebKit/537.36 (KHTML, like Gecko) Chrome/83.0.4103.61 Safari/537.36"
::1 - - [30/May/2020:19:04:09 +0000] "GET /socket.io/socket.io.js HTTP/1.1" 404 - "http://localhost:3000/users" "Mozilla/5.0 (Windows NT 6.1; ) AppleWebKit/537.36 (KHTML, like Gecko) Chrome/83.0.4103.61 Safari/537.36"
::1 - - [30/May/2020:19:38:25 +0000] "GET /socket.io/socket.io.js HTTP/1.1" 404 - "http://localhost:3000/users" "Mozilla/5.0 (Windows NT 6.1; ) AppleWebKit/537.36 (KHTML, like Gecko) Chrome/83.0.4103.61 Safari/537.36"
::1 - - [30/May/2020:19:40:33 +0000] "GET /socket.io/socket.io.js HTTP/1.1" 404 - "http://localhost:3000/users" "Mozilla/5.0 (Windows NT 6.1; ) AppleWebKit/537.36 (KHTML, like Gecko) Chrome/83.0.4103.61 Safari/537.36"
::1 - - [31/May/2020:17:54:21 +0000] "GET /robots.txt HTTP/1.1" 404 988 "-" "Mozilla/5.0 (Windows NT 10.0; Win64; x64) AppleWebKit/537.36 (KHTML, like Gecko) Chrome/83.0.4103.61 Safari/537.36"
::1 - - [31/May/2020:18:01:39 +0000] "GET /favicon.ico HTTP/1.1" 404 988 "http://localhost:3000/log-in" "Mozilla/5.0 (Windows NT 10.0; Win64; x64) AppleWebKit/537.36 (KHTML, like Gecko) Chrome/83.0.4103.61 Safari/537.36"
::1 - - [31/May/2020:18:11:09 +0000] "GET /socket.io/socket.io.js HTTP/1.1" 404 - "http://localhost:3000/users" "Mozilla/5.0 (Windows NT 10.0; Win64; x64) AppleWebKit/537.36 (KHTML, like Gecko) Chrome/83.0.4103.61 Safari/537.36"
::1 - - [31/May/2020:18:28:48 +0000] "GET /socket.io/socket.io.js HTTP/1.1" 404 - "http://localhost:3000/users" "Mozilla/5.0 (Windows NT 10.0; Win64; x64) AppleWebKit/537.36 (KHTML, like Gecko) Chrome/83.0.4103.61 Safari/537.36"
::1 - - [31/May/2020:18:29:20 +0000] "GET /socket.io/socket.io.js HTTP/1.1" 404 - "http://localhost:3000/users" "Mozilla/5.0 (Windows NT 10.0; Win64; x64) AppleWebKit/537.36 (KHTML, like Gecko) Chrome/83.0.4103.61 Safari/537.36"
::1 - - [31/May/2020:18:29:53 +0000] "GET /socket.io/socket.io.js HTTP/1.1" 404 - "http://localhost:3000/users" "Mozilla/5.0 (Windows NT 10.0; Win64; x64) AppleWebKit/537.36 (KHTML, like Gecko) Chrome/83.0.4103.61 Safari/537.36"
::1 - - [31/May/2020:18:30:33 +0000] "GET /socket.io/socket.io.js HTTP/1.1" 404 - "http://localhost:3000/users" "Mozilla/5.0 (Windows NT 10.0; Win64; x64) AppleWebKit/537.36 (KHTML, like Gecko) Chrome/83.0.4103.61 Safari/537.36"
::1 - - [31/May/2020:18:32:25 +0000] "GET /socket.io/socket.io.js HTTP/1.1" 404 - "http://localhost:3000/users" "Mozilla/5.0 (Windows NT 10.0; Win64; x64) AppleWebKit/537.36 (KHTML, like Gecko) Chrome/83.0.4103.61 Safari/537.36"
- - - [04/Jun/2020:19:46:21 +0000] "GET /favicon.ico HTTP/1.1" 404 - "-" "Mozilla/5.0 (Windows NT 10.0; Win64; x64; rv:77.0) Gecko/20100101 Firefox/77.0"
::1 - - [04/Jun/2020:19:46:37 +0000] "GET /robots.txt HTTP/1.1" 404 - "-" "Mozilla/5.0 (Windows NT 10.0; Win64; x64) AppleWebKit/537.36 (KHTML, like Gecko) Chrome/83.0.4103.61 Safari/537.36"
::1 - - [04/Jun/2020:19:46:41 +0000] "GET /robots.txt HTTP/1.1" 404 - "-" "Mozilla/5.0 (Windows NT 10.0; Win64; x64) AppleWebKit/537.36 (KHTML, like Gecko) Chrome/83.0.4103.61 Safari/537.36"
::1 - - [04/Jun/2020:19:46:50 +0000] "GET /favicon.ico HTTP/1.1" 404 - "http://localhost:3000/log-in" "Mozilla/5.0 (Windows NT 10.0; Win64; x64) AppleWebKit/537.36 (KHTML, like Gecko) Chrome/83.0.4103.61 Safari/537.36"
- - - [04/Jun/2020:20:25:35 +0000] "GET /favicon.ico HTTP/1.1" 404 - "-" "Mozilla/5.0 (Windows NT 10.0; Win64; x64; rv:77.0) Gecko/20100101 Firefox/77.0"
- - - [04/Jun/2020:21:52:53 +0000] "GET /favicon.ico HTTP/1.1" 404 - "-" "Mozilla/5.0 (Windows NT 10.0; Win64; x64; rv:77.0) Gecko/20100101 Firefox/77.0"
::1 - - [04/Jun/2020:23:51:36 +0000] "GET /robots.txt HTTP/1.1" 404 - "-" "Mozilla/5.0 (Windows NT 10.0; Win64; x64) AppleWebKit/537.36 (KHTML, like Gecko) Chrome/83.0.4103.61 Safari/537.36"
::1 - - [04/Jun/2020:23:51:42 +0000] "GET /favicon.ico HTTP/1.1" 404 - "http://localhost:3000/log-in" "Mozilla/5.0 (Windows NT 10.0; Win64; x64) AppleWebKit/537.36 (KHTML, like Gecko) Chrome/83.0.4103.61 Safari/537.36"
- - - [04/Jun/2020:23:53:16 +0000] "GET /favicon.ico HTTP/1.1" 404 - "-" "Mozilla/5.0 (Windows NT 10.0; Win64; x64; rv:77.0) Gecko/20100101 Firefox/77.0"
- - - [05/Jun/2020:19:52:16 +0000] "GET /favicon.ico HTTP/1.1" 404 - "-" "Mozilla/5.0 (Windows NT 10.0; Win64; x64; rv:77.0) Gecko/20100101 Firefox/77.0"
- - - [05/Jun/2020:19:57:25 +0000] "GET /favicon.ico HTTP/1.1" 404 - "-" "Mozilla/5.0 (Windows NT 10.0; Win64; x64; rv:77.0) Gecko/20100101 Firefox/77.0"
- - - [05/Jun/2020:20:15:13 +0000] "GET /favicon.ico HTTP/1.1" 404 - "-" "Mozilla/5.0 (Windows NT 10.0; Win64; x64; rv:77.0) Gecko/20100101 Firefox/77.0"
::1 - - [05/Jun/2020:20:15:43 +0000] "GET /robots.txt HTTP/1.1" 404 - "-" "Mozilla/5.0 (Windows NT 10.0; Win64; x64) AppleWebKit/537.36 (KHTML, like Gecko) Chrome/83.0.4103.97 Safari/537.36"
::1 - - [05/Jun/2020:20:15:50 +0000] "GET /favicon.ico HTTP/1.1" 404 - "http://localhost:3000/log-in" "Mozilla/5.0 (Windows NT 10.0; Win64; x64) AppleWebKit/537.36 (KHTML, like Gecko) Chrome/83.0.4103.97 Safari/537.36"
::1 - - [07/Jun/2020:21:04:10 +0000] "GET /robots.txt HTTP/1.1" 404 - "-" "Mozilla/5.0 (Windows NT 10.0; Win64; x64) AppleWebKit/537.36 (KHTML, like Gecko) Chrome/83.0.4103.97 Safari/537.36"
::1 - - [07/Jun/2020:21:06:51 +0000] "GET /favicon.ico HTTP/1.1" 404 - "http://localhost:3000/index" "Mozilla/5.0 (Windows NT 10.0; Win64; x64) AppleWebKit/537.36 (KHTML, like Gecko) Chrome/83.0.4103.97 Safari/537.36"
::1 - - [07/Jun/2020:21:28:37 +0000] "GET /socket.io/socket.io.js HTTP/1.1" 404 - "http://localhost:3000/users" "Mozilla/5.0 (Windows NT 10.0; Win64; x64) AppleWebKit/537.36 (KHTML, like Gecko) Chrome/83.0.4103.97 Safari/537.36"
::1 - - [07/Jun/2020:21:29:19 +0000] "GET /socket.io/socket.io.js HTTP/1.1" 404 - "http://localhost:3000/users" "Mozilla/5.0 (Windows NT 10.0; Win64; x64) AppleWebKit/537.36 (KHTML, like Gecko) Chrome/83.0.4103.97 Safari/537.36"
::1 - - [07/Jun/2020:21:31:30 +0000] "GET /socket.io/socket.io.js HTTP/1.1" 404 - "http://localhost:3000/users" "Mozilla/5.0 (Windows NT 10.0; Win64; x64) AppleWebKit/537.36 (KHTML, like Gecko) Chrome/83.0.4103.97 Safari/537.36"
::1 - - [07/Jun/2020:21:45:44 +0000] "GET /socket.io/socket.io.js HTTP/1.1" 404 - "http://localhost:3000/users" "Mozilla/5.0 (Windows NT 10.0; Win64; x64) AppleWebKit/537.36 (KHTML, like Gecko) Chrome/83.0.4103.97 Safari/537.36"
::1 - - [07/Jun/2020:21:45:50 +0000] "GET /socket.io/socket.io.js HTTP/1.1" 404 - "http://localhost:3000/users" "Mozilla/5.0 (Windows NT 10.0; Win64; x64) AppleWebKit/537.36 (KHTML, like Gecko) Chrome/83.0.4103.97 Safari/537.36"
::1 - - [07/Jun/2020:22:27:47 +0000] "GET /socket.io/socket.io.js HTTP/1.1" 404 - "http://localhost:3000/users" "Mozilla/5.0 (Windows NT 10.0; Win64; x64) AppleWebKit/537.36 (KHTML, like Gecko) Chrome/83.0.4103.97 Safari/537.36"
::1 - - [08/Jun/2020:19:23:22 +0000] "GET /favicon.ico HTTP/1.1" 404 - "http://localhost:3000/log-in" "Mozilla/5.0 (Windows NT 10.0; Win64; x64) AppleWebKit/537.36 (KHTML, like Gecko) Chrome/83.0.4103.97 Safari/537.36"
::1 - - [08/Jun/2020:21:03:57 +0000] "GET /socket.io/socket.io.js HTTP/1.1" 404 - "http://localhost:3000/users" "Mozilla/5.0 (Windows NT 10.0; Win64; x64) AppleWebKit/537.36 (KHTML, like Gecko) Chrome/83.0.4103.97 Safari/537.36"
::1 - - [08/Jun/2020:21:04:39 +0000] "GET /socket.io/socket.io.js HTTP/1.1" 404 - "http://localhost:3000/users" "Mozilla/5.0 (Windows NT 10.0; Win64; x64) AppleWebKit/537.36 (KHTML, like Gecko) Chrome/83.0.4103.97 Safari/537.36"
::1 - - [09/Jun/2020:14:39:27 +0000] "GET /favicon.ico HTTP/1.1" 404 - "http://localhost:3000/log-in" "Mozilla/5.0 (Windows NT 6.1; ) AppleWebKit/537.36 (KHTML, like Gecko) Chrome/83.0.4103.97 Safari/537.36"
::1 - - [09/Jun/2020:14:47:22 +0000] "GET /socket.io/socket.io.js HTTP/1.1" 404 - "http://localhost:3000/users" "Mozilla/5.0 (Windows NT 6.1; ) AppleWebKit/537.36 (KHTML, like Gecko) Chrome/83.0.4103.97 Safari/537.36"
::1 - - [09/Jun/2020:14:47:28 +0000] "GET /socket.io/socket.io.js HTTP/1.1" 404 - "http://localhost:3000/users" "Mozilla/5.0 (Windows NT 6.1; ) AppleWebKit/537.36 (KHTML, like Gecko) Chrome/83.0.4103.97 Safari/537.36"
::1 - - [09/Jun/2020:19:24:12 +0000] "GET /socket.io/socket.io.js HTTP/1.1" 404 - "http://localhost:3000/users" "Mozilla/5.0 (Windows NT 10.0; Win64; x64) AppleWebKit/537.36 (KHTML, like Gecko) Chrome/83.0.4103.97 Safari/537.36"
::1 - - [09/Jun/2020:19:24:51 +0000] "GET /socket.io/socket.io.js HTTP/1.1" 404 - "http://localhost:3000/users?page=1" "Mozilla/5.0 (Windows NT 10.0; Win64; x64) AppleWebKit/537.36 (KHTML, like Gecko) Chrome/83.0.4103.97 Safari/537.36"
::1 - - [09/Jun/2020:19:32:23 +0000] "GET /socket.io/socket.io.js HTTP/1.1" 404 - "http://localhost:3000/users" "Mozilla/5.0 (Windows NT 10.0; Win64; x64) AppleWebKit/537.36 (KHTML, like Gecko) Chrome/83.0.4103.97 Safari/537.36"
::1 - - [09/Jun/2020:19:54:44 +0000] "GET /socket.io/socket.io.js HTTP/1.1" 404 - "http://localhost:3000/users" "Mozilla/5.0 (Windows NT 10.0; Win64; x64) AppleWebKit/537.36 (KHTML, like Gecko) Chrome/83.0.4103.97 Safari/537.36"
::1 - - [09/Jun/2020:19:56:49 +0000] "GET /socket.io/socket.io.js HTTP/1.1" 404 - "http://localhost:3000/users" "Mozilla/5.0 (Windows NT 10.0; Win64; x64) AppleWebKit/537.36 (KHTML, like Gecko) Chrome/83.0.4103.97 Safari/537.36"
::1 - - [09/Jun/2020:19:59:12 +0000] "GET /socket.io/socket.io.js HTTP/1.1" 404 - "http://localhost:3000/users" "Mozilla/5.0 (Windows NT 10.0; Win64; x64) AppleWebKit/537.36 (KHTML, like Gecko) Chrome/83.0.4103.97 Safari/537.36"
::1 - - [09/Jun/2020:19:59:25 +0000] "GET /socket.io/socket.io.js HTTP/1.1" 404 - "http://localhost:3000/users" "Mozilla/5.0 (Windows NT 10.0; Win64; x64) AppleWebKit/537.36 (KHTML, like Gecko) Chrome/83.0.4103.97 Safari/537.36"
::1 - - [09/Jun/2020:19:59:54 +0000] "GET /socket.io/socket.io.js HTTP/1.1" 404 - "http://localhost:3000/users" "Mozilla/5.0 (Windows NT 10.0; Win64; x64) AppleWebKit/537.36 (KHTML, like Gecko) Chrome/83.0.4103.97 Safari/537.36"
::1 - - [09/Jun/2020:20:00:59 +0000] "GET /socket.io/socket.io.js HTTP/1.1" 404 - "http://localhost:3000/users" "Mozilla/5.0 (Windows NT 10.0; Win64; x64) AppleWebKit/537.36 (KHTML, like Gecko) Chrome/83.0.4103.97 Safari/537.36"
::1 - - [09/Jun/2020:21:19:53 +0000] "GET /robots.txt HTTP/1.1" 404 - "http://localhost:3000/donor/home/index" "Mozilla/5.0 (Macintosh; Intel Mac OS X 10_13_6) AppleWebKit/537.36 (KHTML, like Gecko) Chrome/74.0.3694.0 Safari/537.36 Chrome-Lighthouse"
::1 - - [09/Jun/2020:21:41:54 +0000] "GET /robots.txt HTTP/1.1" 404 - "http://localhost:3000/donor/history" "Mozilla/5.0 (Macintosh; Intel Mac OS X 10_13_6) AppleWebKit/537.36 (KHTML, like Gecko) Chrome/74.0.3694.0 Safari/537.36 Chrome-Lighthouse"
::1 - - [09/Jun/2020:21:45:16 +0000] "GET /robots.txt HTTP/1.1" 404 - "http://localhost:3000/display-bloods" "Mozilla/5.0 (Macintosh; Intel Mac OS X 10_13_6) AppleWebKit/537.36 (KHTML, like Gecko) Chrome/74.0.3694.0 Safari/537.36 Chrome-Lighthouse"
::1 - - [09/Jun/2020:23:32:32 +0000] "GET /robots.txt HTTP/1.1" 404 985 "http://localhost:3000/" "Mozilla/5.0 (Macintosh; Intel Mac OS X 10_13_6) AppleWebKit/537.36 (KHTML, like Gecko) Chrome/74.0.3694.0 Safari/537.36 Chrome-Lighthouse"
::1 - - [10/Jun/2020:03:51:28 +0000] "GET /robots.txt HTTP/1.1" 404 985 "http://localhost:3000/" "Mozilla/5.0 (Macintosh; Intel Mac OS X 10_13_6) AppleWebKit/537.36 (KHTML, like Gecko) Chrome/74.0.3694.0 Safari/537.36 Chrome-Lighthouse"
::1 - - [11/Jun/2020:16:07:05 +0000] "GET /favicon.ico HTTP/1.1" 404 1017 "http://localhost:3000/log-in" "Mozilla/5.0 (Windows NT 6.1; ) AppleWebKit/537.36 (KHTML, like Gecko) Chrome/83.0.4103.97 Safari/537.36"
::1 - - [11/Jun/2020:18:30:55 +0000] "GET /socket.io/socket.io.js HTTP/1.1" 404 - "http://localhost:3000/users" "Mozilla/5.0 (Windows NT 10.0; Win64; x64) AppleWebKit/537.36 (KHTML, like Gecko) Chrome/83.0.4103.97 Safari/537.36"
::1 - - [13/Jun/2020:17:41:42 +0000] "GET /socket.io/socket.io.js HTTP/1.1" 404 - "http://localhost:3000/users" "Mozilla/5.0 (Windows NT 10.0; Win64; x64) AppleWebKit/537.36 (KHTML, like Gecko) Chrome/83.0.4103.97 Safari/537.36"
::1 - - [13/Jun/2020:17:41:48 +0000] "GET /socket.io/socket.io.js HTTP/1.1" 404 - "http://localhost:3000/users?page=1" "Mozilla/5.0 (Windows NT 10.0; Win64; x64) AppleWebKit/537.36 (KHTML, like Gecko) Chrome/83.0.4103.97 Safari/537.36"
::1 - - [13/Jun/2020:17:41:51 +0000] "GET /socket.io/socket.io.js HTTP/1.1" 404 - "http://localhost:3000/users?page=1" "Mozilla/5.0 (Windows NT 10.0; Win64; x64) AppleWebKit/537.36 (KHTML, like Gecko) Chrome/83.0.4103.97 Safari/537.36"
::1 - - [13/Jun/2020:17:46:21 +0000] "GET /socket.io/socket.io.js HTTP/1.1" 404 - "http://localhost:3000/users" "Mozilla/5.0 (Windows NT 10.0; Win64; x64) AppleWebKit/537.36 (KHTML, like Gecko) Chrome/83.0.4103.97 Safari/537.36"
::1 - - [13/Jun/2020:17:46:25 +0000] "GET /socket.io/socket.io.js HTTP/1.1" 404 - "http://localhost:3000/users?page=1" "Mozilla/5.0 (Windows NT 10.0; Win64; x64) AppleWebKit/537.36 (KHTML, like Gecko) Chrome/83.0.4103.97 Safari/537.36"
::1 - - [13/Jun/2020:18:24:05 +0000] "GET /robots.txt HTTP/1.1" 404 985 "http://localhost:3000/" "Mozilla/5.0 (Macintosh; Intel Mac OS X 10_13_6) AppleWebKit/537.36 (KHTML, like Gecko) Chrome/74.0.3694.0 Safari/537.36 Chrome-Lighthouse"
::1 - - [14/Jun/2020:21:03:33 +0000] "GET /favicon.ico HTTP/1.1" 404 1017 "http://localhost:3000/log-in" "Mozilla/5.0 (Windows NT 10.0; Win64; x64) AppleWebKit/537.36 (KHTML, like Gecko) Chrome/83.0.4103.97 Safari/537.36"
::1 - - [14/Jun/2020:21:03:47 +0000] "GET /socket.io/socket.io.js HTTP/1.1" 404 - "http://localhost:3000/users" "Mozilla/5.0 (Windows NT 10.0; Win64; x64) AppleWebKit/537.36 (KHTML, like Gecko) Chrome/83.0.4103.97 Safari/537.36"
::1 - - [14/Jun/2020:21:04:46 +0000] "GET /socket.io/socket.io.js HTTP/1.1" 404 - "http://localhost:3000/users" "Mozilla/5.0 (Windows NT 10.0; Win64; x64) AppleWebKit/537.36 (KHTML, like Gecko) Chrome/83.0.4103.97 Safari/537.36"
::1 - - [14/Jun/2020:21:05:01 +0000] "GET /sendSms?number=201063055598&_csrf=p7cN6LKy-XcwaX1HHPmLKwOXDsozZ6mCi60U HTTP/1.1" 404 - "http://localhost:3000/users" "Mozilla/5.0 (Windows NT 10.0; Win64; x64) AppleWebKit/537.36 (KHTML, like Gecko) Chrome/83.0.4103.97 Safari/537.36"
::1 - - [14/Jun/2020:21:10:31 +0000] "GET /socket.io/socket.io.js HTTP/1.1" 404 - "http://localhost:3000/sendSms" "Mozilla/5.0 (Windows NT 10.0; Win64; x64) AppleWebKit/537.36 (KHTML, like Gecko) Chrome/83.0.4103.97 Safari/537.36"
::1 - - [14/Jun/2020:21:10:33 +0000] "GET /socket.io/socket.io.js HTTP/1.1" 404 - "http://localhost:3000/sendSms?number=201063055598&_csrf=aZ9MgmYm-jEwtHNNLWF_o_GeddsC9MZFX4No" "Mozilla/5.0 (Windows NT 10.0; Win64; x64) AppleWebKit/537.36 (KHTML, like Gecko) Chrome/83.0.4103.97 Safari/537.36"
::1 - - [14/Jun/2020:21:11:38 +0000] "GET /socket.io/socket.io.js HTTP/1.1" 404 - "http://localhost:3000/sendSms" "Mozilla/5.0 (Windows NT 10.0; Win64; x64) AppleWebKit/537.36 (KHTML, like Gecko) Chrome/83.0.4103.97 Safari/537.36"
::1 - - [14/Jun/2020:21:11:40 +0000] "GET /socket.io/socket.io.js HTTP/1.1" 404 - "http://localhost:3000/sendSms?number=201063055598" "Mozilla/5.0 (Windows NT 10.0; Win64; x64) AppleWebKit/537.36 (KHTML, like Gecko) Chrome/83.0.4103.97 Safari/537.36"
::1 - - [14/Jun/2020:21:15:32 +0000] "GET /socket.io/socket.io.js HTTP/1.1" 404 - "http://localhost:3000/sendSms" "Mozilla/5.0 (Windows NT 10.0; Win64; x64) AppleWebKit/537.36 (KHTML, like Gecko) Chrome/83.0.4103.97 Safari/537.36"
::1 - - [14/Jun/2020:21:15:33 +0000] "GET /socket.io/socket.io.js HTTP/1.1" 404 - "http://localhost:3000/sendSms?phoneNumber=201063055598&_csrf=X2kijLLL-uojtHTyjRr_wS-oYwG0CUfAWMrs" "Mozilla/5.0 (Windows NT 10.0; Win64; x64) AppleWebKit/537.36 (KHTML, like Gecko) Chrome/83.0.4103.97 Safari/537.36"
::1 - - [14/Jun/2020:21:29:50 +0000] "GET /socket.io/socket.io.js HTTP/1.1" 404 - "http://localhost:3000/sendSms" "Mozilla/5.0 (Windows NT 10.0; Win64; x64) AppleWebKit/537.36 (KHTML, like Gecko) Chrome/83.0.4103.97 Safari/537.36"
::1 - - [14/Jun/2020:21:29:53 +0000] "GET /socket.io/socket.io.js HTTP/1.1" 404 - "http://localhost:3000/sendSms" "Mozilla/5.0 (Windows NT 10.0; Win64; x64) AppleWebKit/537.36 (KHTML, like Gecko) Chrome/83.0.4103.97 Safari/537.36"
::1 - - [14/Jun/2020:21:31:18 +0000] "GET /socket.io/socket.io.js HTTP/1.1" 404 - "http://localhost:3000/sendSms" "Mozilla/5.0 (Windows NT 10.0; Win64; x64) AppleWebKit/537.36 (KHTML, like Gecko) Chrome/83.0.4103.97 Safari/537.36"
::1 - - [14/Jun/2020:21:31:26 +0000] "GET /socket.io/socket.io.js HTTP/1.1" 404 - "http://localhost:3000/sendSms" "Mozilla/5.0 (Windows NT 10.0; Win64; x64) AppleWebKit/537.36 (KHTML, like Gecko) Chrome/83.0.4103.97 Safari/537.36"
::1 - - [14/Jun/2020:21:31:48 +0000] "GET /socket.io/socket.io.js HTTP/1.1" 404 - "http://localhost:3000/sendSms" "Mozilla/5.0 (Windows NT 10.0; Win64; x64) AppleWebKit/537.36 (KHTML, like Gecko) Chrome/83.0.4103.97 Safari/537.36"
::1 - - [14/Jun/2020:21:37:17 +0000] "GET /socket.io/socket.io.js HTTP/1.1" 404 - "http://localhost:3000/sendSms" "Mozilla/5.0 (Windows NT 10.0; Win64; x64) AppleWebKit/537.36 (KHTML, like Gecko) Chrome/83.0.4103.97 Safari/537.36"
::1 - - [14/Jun/2020:21:37:19 +0000] "GET /socket.io/socket.io.js HTTP/1.1" 404 - "http://localhost:3000/sendSms?phoneNumber=&_csrf=TqFAYAkm-ONROkJixTVO9UvOWLXLjKJiuajc" "Mozilla/5.0 (Windows NT 10.0; Win64; x64) AppleWebKit/537.36 (KHTML, like Gecko) Chrome/83.0.4103.97 Safari/537.36"
::1 - - [14/Jun/2020:21:37:38 +0000] "GET /socket.io/socket.io.js HTTP/1.1" 404 - "http://localhost:3000/sendSms" "Mozilla/5.0 (Windows NT 10.0; Win64; x64) AppleWebKit/537.36 (KHTML, like Gecko) Chrome/83.0.4103.97 Safari/537.36"
::1 - - [14/Jun/2020:21:37:39 +0000] "GET /socket.io/socket.io.js HTTP/1.1" 404 - "http://localhost:3000/sendSms?phoneNumber=&_csrf=y4242CCs-27ii6mxOL0NxTahXE825BdcQuLI" "Mozilla/5.0 (Windows NT 10.0; Win64; x64) AppleWebKit/537.36 (KHTML, like Gecko) Chrome/83.0.4103.97 Safari/537.36"
::1 - - [14/Jun/2020:21:38:04 +0000] "GET /socket.io/socket.io.js HTTP/1.1" 404 - "http://localhost:3000/sendSms?phoneNumber=&_csrf=y4242CCs-27ii6mxOL0NxTahXE825BdcQuLI" "Mozilla/5.0 (Windows NT 10.0; Win64; x64) AppleWebKit/537.36 (KHTML, like Gecko) Chrome/83.0.4103.97 Safari/537.36"
::1 - - [14/Jun/2020:21:38:28 +0000] "GET /socket.io/socket.io.js HTTP/1.1" 404 - "http://localhost:3000/sendSms?phoneNumber=&_csrf=y4242CCs-27ii6mxOL0NxTahXE825BdcQuLI" "Mozilla/5.0 (Windows NT 10.0; Win64; x64) AppleWebKit/537.36 (KHTML, like Gecko) Chrome/83.0.4103.97 Safari/537.36"
::1 - - [14/Jun/2020:21:40:39 +0000] "GET /socket.io/socket.io.js HTTP/1.1" 404 - "http://localhost:3000/sendSms?phoneNumber=&_csrf=y4242CCs-27ii6mxOL0NxTahXE825BdcQuLI" "Mozilla/5.0 (Windows NT 10.0; Win64; x64) AppleWebKit/537.36 (KHTML, like Gecko) Chrome/83.0.4103.97 Safari/537.36"
::1 - - [14/Jun/2020:21:41:01 +0000] "GET /socket.io/socket.io.js HTTP/1.1" 404 - "http://localhost:3000/sendSms?phoneNumber=&_csrf=y4242CCs-27ii6mxOL0NxTahXE825BdcQuLI" "Mozilla/5.0 (Windows NT 10.0; Win64; x64) AppleWebKit/537.36 (KHTML, like Gecko) Chrome/83.0.4103.97 Safari/537.36"
::1 - - [14/Jun/2020:21:41:14 +0000] "GET /socket.io/socket.io.js HTTP/1.1" 404 - "http://localhost:3000/sendSms?phoneNumber=&_csrf=y4242CCs-27ii6mxOL0NxTahXE825BdcQuLI" "Mozilla/5.0 (Windows NT 10.0; Win64; x64) AppleWebKit/537.36 (KHTML, like Gecko) Chrome/83.0.4103.97 Safari/537.36"
::1 - - [14/Jun/2020:21:41:20 +0000] "GET /socket.io/socket.io.js HTTP/1.1" 404 - "http://localhost:3000/sendSms?phoneNumber=201063055598&_csrf=sKhiOoRW-QomhOhlCH4-cS9tPwuJufpzuxns" "Mozilla/5.0 (Windows NT 10.0; Win64; x64) AppleWebKit/537.36 (KHTML, like Gecko) Chrome/83.0.4103.97 Safari/537.36"
::1 - - [14/Jun/2020:21:41:24 +0000] "GET /socket.io/socket.io.js HTTP/1.1" 404 - "http://localhost:3000/sendSms" "Mozilla/5.0 (Windows NT 10.0; Win64; x64) AppleWebKit/537.36 (KHTML, like Gecko) Chrome/83.0.4103.97 Safari/537.36"
::1 - - [14/Jun/2020:21:41:33 +0000] "GET /socket.io/socket.io.js HTTP/1.1" 404 - "http://localhost:3000/sendSms" "Mozilla/5.0 (Windows NT 10.0; Win64; x64) AppleWebKit/537.36 (KHTML, like Gecko) Chrome/83.0.4103.97 Safari/537.36"
::1 - - [14/Jun/2020:21:41:38 +0000] "GET /socket.io/socket.io.js HTTP/1.1" 404 - "http://localhost:3000/sendSms" "Mozilla/5.0 (Windows NT 10.0; Win64; x64) AppleWebKit/537.36 (KHTML, like Gecko) Chrome/83.0.4103.97 Safari/537.36"
::1 - - [14/Jun/2020:21:41:42 +0000] "GET /socket.io/socket.io.js HTTP/1.1" 404 - "http://localhost:3000/sendSms" "Mozilla/5.0 (Windows NT 10.0; Win64; x64) AppleWebKit/537.36 (KHTML, like Gecko) Chrome/83.0.4103.97 Safari/537.36"
::1 - - [14/Jun/2020:22:30:11 +0000] "GET /socket.io/socket.io.js HTTP/1.1" 404 - "http://localhost:3000/sendSms" "Mozilla/5.0 (Windows NT 10.0; Win64; x64) AppleWebKit/537.36 (KHTML, like Gecko) Chrome/83.0.4103.97 Safari/537.36"
::1 - - [14/Jun/2020:22:46:02 +0000] "GET /socket.io/socket.io.js HTTP/1.1" 404 - "http://localhost:3000/sendSms" "Mozilla/5.0 (Windows NT 10.0; Win64; x64) AppleWebKit/537.36 (KHTML, like Gecko) Chrome/83.0.4103.97 Safari/537.36"
::1 - - [14/Jun/2020:22:46:07 +0000] "GET /socket.io/socket.io.js HTTP/1.1" 404 - "http://localhost:3000/sendSms?bloodType=b%2B" "Mozilla/5.0 (Windows NT 10.0; Win64; x64) AppleWebKit/537.36 (KHTML, like Gecko) Chrome/83.0.4103.97 Safari/537.36"
::1 - - [14/Jun/2020:22:47:09 +0000] "GET /socket.io/socket.io.js HTTP/1.1" 404 - "http://localhost:3000/sendSms?bloodType=b%2B" "Mozilla/5.0 (Windows NT 10.0; Win64; x64) AppleWebKit/537.36 (KHTML, like Gecko) Chrome/83.0.4103.97 Safari/537.36"
::1 - - [14/Jun/2020:22:47:36 +0000] "GET /socket.io/socket.io.js HTTP/1.1" 404 - "http://localhost:3000/sendSms?bloodType=b%2B" "Mozilla/5.0 (Windows NT 10.0; Win64; x64) AppleWebKit/537.36 (KHTML, like Gecko) Chrome/83.0.4103.97 Safari/537.36"
::1 - - [14/Jun/2020:22:47:48 +0000] "GET /socket.io/socket.io.js HTTP/1.1" 404 - "http://localhost:3000/sendSms?bloodType=b%2B" "Mozilla/5.0 (Windows NT 10.0; Win64; x64) AppleWebKit/537.36 (KHTML, like Gecko) Chrome/83.0.4103.97 Safari/537.36"
::1 - - [14/Jun/2020:22:48:02 +0000] "GET /socket.io/socket.io.js HTTP/1.1" 404 - "http://localhost:3000/sendSms?bloodType=b%2B" "Mozilla/5.0 (Windows NT 10.0; Win64; x64) AppleWebKit/537.36 (KHTML, like Gecko) Chrome/83.0.4103.97 Safari/537.36"
::1 - - [14/Jun/2020:22:48:19 +0000] "GET /socket.io/socket.io.js HTTP/1.1" 404 - "http://localhost:3000/sendSms?bloodType=b%2B" "Mozilla/5.0 (Windows NT 10.0; Win64; x64) AppleWebKit/537.36 (KHTML, like Gecko) Chrome/83.0.4103.97 Safari/537.36"
::1 - - [14/Jun/2020:22:49:54 +0000] "GET /socket.io/socket.io.js HTTP/1.1" 404 - "http://localhost:3000/sendSms?bloodType=b%2B" "Mozilla/5.0 (Windows NT 10.0; Win64; x64) AppleWebKit/537.36 (KHTML, like Gecko) Chrome/83.0.4103.97 Safari/537.36"
::1 - - [14/Jun/2020:22:50:09 +0000] "GET /socket.io/socket.io.js HTTP/1.1" 404 - "http://localhost:3000/sendSms" "Mozilla/5.0 (Windows NT 10.0; Win64; x64) AppleWebKit/537.36 (KHTML, like Gecko) Chrome/83.0.4103.97 Safari/537.36"
::1 - - [14/Jun/2020:22:50:28 +0000] "GET /socket.io/socket.io.js HTTP/1.1" 404 - "http://localhost:3000/sendSms" "Mozilla/5.0 (Windows NT 10.0; Win64; x64) AppleWebKit/537.36 (KHTML, like Gecko) Chrome/83.0.4103.97 Safari/537.36"
::1 - - [14/Jun/2020:22:50:47 +0000] "GET /socket.io/socket.io.js HTTP/1.1" 404 - "http://localhost:3000/sendSms?bloodType=b%2B" "Mozilla/5.0 (Windows NT 10.0; Win64; x64) AppleWebKit/537.36 (KHTML, like Gecko) Chrome/83.0.4103.97 Safari/537.36"
::1 - - [14/Jun/2020:22:51:05 +0000] "GET /socket.io/socket.io.js HTTP/1.1" 404 - "http://localhost:3000/sendSms?bloodType=b%2B" "Mozilla/5.0 (Windows NT 10.0; Win64; x64) AppleWebKit/537.36 (KHTML, like Gecko) Chrome/83.0.4103.97 Safari/537.36"
::1 - - [14/Jun/2020:22:52:19 +0000] "GET /socket.io/socket.io.js HTTP/1.1" 404 - "http://localhost:3000/sendSms" "Mozilla/5.0 (Windows NT 10.0; Win64; x64) AppleWebKit/537.36 (KHTML, like Gecko) Chrome/83.0.4103.97 Safari/537.36"
::1 - - [14/Jun/2020:22:52:29 +0000] "GET /socket.io/socket.io.js HTTP/1.1" 404 - "http://localhost:3000/sendSms" "Mozilla/5.0 (Windows NT 10.0; Win64; x64) AppleWebKit/537.36 (KHTML, like Gecko) Chrome/83.0.4103.97 Safari/537.36"
::1 - - [14/Jun/2020:22:52:52 +0000] "GET /socket.io/socket.io.js HTTP/1.1" 404 - "http://localhost:3000/sendSms" "Mozilla/5.0 (Windows NT 10.0; Win64; x64) AppleWebKit/537.36 (KHTML, like Gecko) Chrome/83.0.4103.97 Safari/537.36"
::1 - - [14/Jun/2020:22:53:24 +0000] "GET /socket.io/socket.io.js HTTP/1.1" 404 - "http://localhost:3000/sendSms" "Mozilla/5.0 (Windows NT 10.0; Win64; x64) AppleWebKit/537.36 (KHTML, like Gecko) Chrome/83.0.4103.97 Safari/537.36"
::1 - - [14/Jun/2020:22:53:32 +0000] "GET /socket.io/socket.io.js HTTP/1.1" 404 - "http://localhost:3000/sendSms?bloodType=b%2B" "Mozilla/5.0 (Windows NT 10.0; Win64; x64) AppleWebKit/537.36 (KHTML, like Gecko) Chrome/83.0.4103.97 Safari/537.36"
::1 - - [14/Jun/2020:22:53:43 +0000] "GET /socket.io/socket.io.js HTTP/1.1" 404 - "http://localhost:3000/sendSms?bloodType=b%2B" "Mozilla/5.0 (Windows NT 10.0; Win64; x64) AppleWebKit/537.36 (KHTML, like Gecko) Chrome/83.0.4103.97 Safari/537.36"
::1 - - [14/Jun/2020:22:54:32 +0000] "GET /socket.io/socket.io.js HTTP/1.1" 404 - "http://localhost:3000/sendSms?bloodType=b%2B" "Mozilla/5.0 (Windows NT 10.0; Win64; x64) AppleWebKit/537.36 (KHTML, like Gecko) Chrome/83.0.4103.97 Safari/537.36"
::1 - - [14/Jun/2020:22:54:54 +0000] "GET /socket.io/socket.io.js HTTP/1.1" 404 - "http://localhost:3000/sendSms?bloodType=b%2B" "Mozilla/5.0 (Windows NT 10.0; Win64; x64) AppleWebKit/537.36 (KHTML, like Gecko) Chrome/83.0.4103.97 Safari/537.36"
::1 - - [14/Jun/2020:22:55:08 +0000] "GET /socket.io/socket.io.js HTTP/1.1" 404 - "http://localhost:3000/sendSms?bloodType=o-" "Mozilla/5.0 (Windows NT 10.0; Win64; x64) AppleWebKit/537.36 (KHTML, like Gecko) Chrome/83.0.4103.97 Safari/537.36"
::1 - - [14/Jun/2020:22:55:53 +0000] "GET /socket.io/socket.io.js HTTP/1.1" 404 - "http://localhost:3000/sendSms" "Mozilla/5.0 (Windows NT 10.0; Win64; x64) AppleWebKit/537.36 (KHTML, like Gecko) Chrome/83.0.4103.97 Safari/537.36"
::1 - - [14/Jun/2020:22:57:31 +0000] "GET /socket.io/socket.io.js HTTP/1.1" 404 - "http://localhost:3000/sendSms" "Mozilla/5.0 (Windows NT 10.0; Win64; x64) AppleWebKit/537.36 (KHTML, like Gecko) Chrome/83.0.4103.97 Safari/537.36"
::1 - - [14/Jun/2020:22:57:36 +0000] "GET /socket.io/socket.io.js HTTP/1.1" 404 - "http://localhost:3000/sendSms?bloodType=o-" "Mozilla/5.0 (Windows NT 10.0; Win64; x64) AppleWebKit/537.36 (KHTML, like Gecko) Chrome/83.0.4103.97 Safari/537.36"
::1 - - [14/Jun/2020:22:57:52 +0000] "GET /socket.io/socket.io.js HTTP/1.1" 404 - "http://localhost:3000/sendSms?bloodType=o-" "Mozilla/5.0 (Windows NT 10.0; Win64; x64) AppleWebKit/537.36 (KHTML, like Gecko) Chrome/83.0.4103.97 Safari/537.36"
::1 - - [14/Jun/2020:22:58:01 +0000] "GET /socket.io/socket.io.js HTTP/1.1" 404 - "http://localhost:3000/sendSms?bloodType=o-" "Mozilla/5.0 (Windows NT 10.0; Win64; x64) AppleWebKit/537.36 (KHTML, like Gecko) Chrome/83.0.4103.97 Safari/537.36"
::1 - - [14/Jun/2020:22:58:09 +0000] "GET /socket.io/socket.io.js HTTP/1.1" 404 - "http://localhost:3000/sendSms?bloodType=o-" "Mozilla/5.0 (Windows NT 10.0; Win64; x64) AppleWebKit/537.36 (KHTML, like Gecko) Chrome/83.0.4103.97 Safari/537.36"
::1 - - [14/Jun/2020:22:58:19 +0000] "GET /socket.io/socket.io.js HTTP/1.1" 404 - "http://localhost:3000/sendSms" "Mozilla/5.0 (Windows NT 10.0; Win64; x64) AppleWebKit/537.36 (KHTML, like Gecko) Chrome/83.0.4103.97 Safari/537.36"
::1 - - [14/Jun/2020:22:59:40 +0000] "GET /socket.io/socket.io.js HTTP/1.1" 404 - "http://localhost:3000/sendSms" "Mozilla/5.0 (Windows NT 10.0; Win64; x64) AppleWebKit/537.36 (KHTML, like Gecko) Chrome/83.0.4103.97 Safari/537.36"
::1 - - [14/Jun/2020:23:00:28 +0000] "GET /socket.io/socket.io.js HTTP/1.1" 404 - "http://localhost:3000/sendSms?page=1" "Mozilla/5.0 (Windows NT 10.0; Win64; x64) AppleWebKit/537.36 (KHTML, like Gecko) Chrome/83.0.4103.97 Safari/537.36"
::1 - - [14/Jun/2020:23:14:50 +0000] "GET /socket.io/socket.io.js HTTP/1.1" 404 - "http://localhost:3000/sendSms" "Mozilla/5.0 (Windows NT 10.0; Win64; x64) AppleWebKit/537.36 (KHTML, like Gecko) Chrome/83.0.4103.97 Safari/537.36"
::1 - - [14/Jun/2020:23:14:55 +0000] "GET /socket.io/socket.io.js HTTP/1.1" 404 - "http://localhost:3000/sendSms" "Mozilla/5.0 (Windows NT 10.0; Win64; x64) AppleWebKit/537.36 (KHTML, like Gecko) Chrome/83.0.4103.97 Safari/537.36"
::1 - - [14/Jun/2020:23:16:02 +0000] "GET /robots.txt HTTP/1.1" 404 985 "http://localhost:3000/" "Mozilla/5.0 (Macintosh; Intel Mac OS X 10_13_6) AppleWebKit/537.36 (KHTML, like Gecko) Chrome/74.0.3694.0 Safari/537.36 Chrome-Lighthouse"
::1 - - [14/Jun/2020:23:17:20 +0000] "GET /robots.txt HTTP/1.1" 404 985 "http://localhost:3000/" "Mozilla/5.0 (Macintosh; Intel Mac OS X 10_13_6) AppleWebKit/537.36 (KHTML, like Gecko) Chrome/74.0.3694.0 Safari/537.36 Chrome-Lighthouse"
::1 - - [14/Jun/2020:23:18:17 +0000] "GET /robots.txt HTTP/1.1" 404 985 "http://localhost:3000/" "Mozilla/5.0 (Macintosh; Intel Mac OS X 10_13_6) AppleWebKit/537.36 (KHTML, like Gecko) Chrome/74.0.3694.0 Safari/537.36 Chrome-Lighthouse"
::1 - - [17/Jun/2020:00:46:39 +0000] "GET /favicon.ico HTTP/1.1" 404 985 "http://localhost:3000/log-in" "Mozilla/5.0 (Macintosh; Intel Mac OS X 10_12_6) AppleWebKit/537.36 (KHTML, like Gecko) Chrome/83.0.4103.97 Safari/537.36"
::1 - - [17/Jun/2020:00:49:02 +0000] "GET /display HTTP/1.1" 404 - "http://localhost:3000/edit-patient/5ee13e8461a0320cf8db7d6f?edit=true" "Mozilla/5.0 (Macintosh; Intel Mac OS X 10_12_6) AppleWebKit/537.36 (KHTML, like Gecko) Chrome/83.0.4103.97 Safari/537.36"
::1 - - [17/Jun/2020:00:49:43 +0000] "GET /display HTTP/1.1" 404 - "http://localhost:3000/edit-patient/5ee13e8461a0320cf8db7d6f?edit=true" "Mozilla/5.0 (Macintosh; Intel Mac OS X 10_12_6) AppleWebKit/537.36 (KHTML, like Gecko) Chrome/83.0.4103.97 Safari/537.36"
::1 - - [17/Jun/2020:04:48:32 +0000] "GET /socket.io/socket.io.js HTTP/1.1" 404 - "http://localhost:3000/sendSms" "Mozilla/5.0 (Macintosh; Intel Mac OS X 10_12_6) AppleWebKit/537.36 (KHTML, like Gecko) Chrome/83.0.4103.97 Safari/537.36"
::1 - - [17/Jun/2020:04:48:40 +0000] "GET /socket.io/socket.io.js HTTP/1.1" 404 - "http://localhost:3000/sendSms?bloodType=mo" "Mozilla/5.0 (Macintosh; Intel Mac OS X 10_12_6) AppleWebKit/537.36 (KHTML, like Gecko) Chrome/83.0.4103.97 Safari/537.36"
::1 - - [17/Jun/2020:04:48:48 +0000] "GET /socket.io/socket.io.js HTTP/1.1" 404 - "http://localhost:3000/sendSms?bloodType=mohamed" "Mozilla/5.0 (Macintosh; Intel Mac OS X 10_12_6) AppleWebKit/537.36 (KHTML, like Gecko) Chrome/83.0.4103.97 Safari/537.36"
::1 - - [17/Jun/2020:04:51:03 +0000] "GET /socket.io/socket.io.js HTTP/1.1" 404 - "http://localhost:3000/sendSms?bloodType=o-" "Mozilla/5.0 (Macintosh; Intel Mac OS X 10_12_6) AppleWebKit/537.36 (KHTML, like Gecko) Chrome/83.0.4103.97 Safari/537.36"
::1 - - [17/Jun/2020:04:56:04 +0000] "GET /socket.io/socket.io.js HTTP/1.1" 404 - "http://localhost:3000/sendSms?bloodType=b%2B" "Mozilla/5.0 (Macintosh; Intel Mac OS X 10_12_6) AppleWebKit/537.36 (KHTML, like Gecko) Chrome/83.0.4103.97 Safari/537.36"
::1 - - [17/Jun/2020:05:04:55 +0000] "GET /favicon.ico HTTP/1.1" 404 985 "http://localhost:3000/log-in" "Mozilla/5.0 (Macintosh; Intel Mac OS X 10_12_6) AppleWebKit/537.36 (KHTML, like Gecko) Chrome/83.0.4103.97 Safari/537.36"
::1 - - [17/Jun/2020:23:22:27 +0000] "GET /favicon.ico HTTP/1.1" 404 985 "http://localhost:3000/log-in" "Mozilla/5.0 (Macintosh; Intel Mac OS X 10_12_6) AppleWebKit/537.36 (KHTML, like Gecko) Chrome/83.0.4103.97 Safari/537.36"
::1 - - [18/Jun/2020:02:31:17 +0000] "GET /favicon.ico HTTP/1.1" 404 985 "http://localhost:3000/log-in" "Mozilla/5.0 (Macintosh; Intel Mac OS X 10_12_6) AppleWebKit/537.36 (KHTML, like Gecko) Chrome/83.0.4103.97 Safari/537.36"
::1 - - [18/Jun/2020:02:43:39 +0000] "GET /socket.io/socket.io.js HTTP/1.1" 404 - "http://localhost:3000/sendSms" "Mozilla/5.0 (Macintosh; Intel Mac OS X 10_12_6) AppleWebKit/537.36 (KHTML, like Gecko) Chrome/83.0.4103.97 Safari/537.36"
::1 - - [18/Jun/2020:02:43:44 +0000] "GET /socket.io/socket.io.js HTTP/1.1" 404 - "http://localhost:3000/sendSms?bloodType=a-" "Mozilla/5.0 (Macintosh; Intel Mac OS X 10_12_6) AppleWebKit/537.36 (KHTML, like Gecko) Chrome/83.0.4103.97 Safari/537.36"
::1 - - [18/Jun/2020:02:47:08 +0000] "GET /socket.io/socket.io.js HTTP/1.1" 404 - "http://localhost:3000/sendSms?bloodType=a-" "Mozilla/5.0 (Macintosh; Intel Mac OS X 10_12_6) AppleWebKit/537.36 (KHTML, like Gecko) Chrome/83.0.4103.97 Safari/537.36"
::1 - - [18/Jun/2020:02:47:12 +0000] "GET /socket.io/socket.io.js HTTP/1.1" 404 - "http://localhost:3000/sendSms" "Mozilla/5.0 (Macintosh; Intel Mac OS X 10_12_6) AppleWebKit/537.36 (KHTML, like Gecko) Chrome/83.0.4103.97 Safari/537.36"
::1 - - [19/Jun/2020:07:19:56 +0000] "GET /socket.io/socket.io.js HTTP/1.1" 404 - "http://localhost:3000/sendSms" "Mozilla/5.0 (Windows NT 10.0; Win64; x64) AppleWebKit/537.36 (KHTML, like Gecko) Chrome/83.0.4103.106 Safari/537.36"
::1 - - [20/Jun/2020:22:32:18 +0000] "GET /favicon.ico HTTP/1.1" 404 - "http://localhost:3000/log-in" "Mozilla/5.0 (Macintosh; Intel Mac OS X 10_12_6) AppleWebKit/537.36 (KHTML, like Gecko) Chrome/83.0.4103.106 Safari/537.36"
::1 - - [19/Jul/2020:19:34:39 +0000] "GET /favicon.ico HTTP/1.1" 404 985 "http://localhost:3000/log-in" "Mozilla/5.0 (Windows NT 10.0; Win64; x64) AppleWebKit/537.36 (KHTML, like Gecko) Chrome/83.0.4103.116 Safari/537.36"
::1 - - [19/Jul/2020:20:22:56 +0000] "GET /favicon.ico HTTP/1.1" 404 985 "http://localhost:3000/log-in" "Mozilla/5.0 (iPhone; CPU iPhone OS 13_2_3 like Mac OS X) AppleWebKit/605.1.15 (KHTML, like Gecko) Version/13.0.3 Mobile/15E148 Safari/604.1"
- - - [20/Jul/2020:13:08:29 +0000] "GET /favicon.ico HTTP/1.1" 404 985 "-" "Mozilla/5.0 (Windows NT 10.0; Win64; x64; rv:78.0) Gecko/20100101 Firefox/78.0"
::1 - - [20/Jul/2020:13:09:57 +0000] "GET /favicon.ico HTTP/1.1" 404 985 "http://localhost:3000/log-in" "Mozilla/5.0 (Windows NT 10.0; Win64; x64) AppleWebKit/537.36 (KHTML, like Gecko) Chrome/84.0.4147.89 Safari/537.36"
